<?xml version="1.0" encoding="UTF-8"?>
<!-- Generated by org.testng.reporters.JUnitReportReporter -->
<testsuite hostname="ShahiNaufal" name="testng.BaseClass" tests="1" failures="0" timestamp="7 May 2022 01:03:01 GMT" time="4.953" errors="0">
  <testcase name="beforeMethod" time="4.953" classname="testng.BaseClass"/>
</testsuite> <!-- testng.BaseClass -->
