<?xml version="1.0" encoding="UTF-8"?>
<!-- Generated by org.testng.reporters.JUnitReportReporter -->
<testsuite hostname="ShahiNaufal" name="TestCases.DashBoardTestCase11" tests="1" failures="0" timestamp="10 May 2022 03:54:12 GMT" time="10.313" errors="0">
  <testcase name="verifyNewPassWordText" time="10.313" classname="TestCases.DashBoardTestCase11"/>
</testsuite> <!-- TestCases.DashBoardTestCase11 -->
