<?xml version="1.0" encoding="UTF-8"?>
<!-- Generated by org.testng.reporters.JUnitReportReporter -->
<testsuite hostname="ShahiNaufal" name="com.obsqura.TestCases.DashBoardTestCase" tests="3" failures="0" timestamp="7 May 2022 01:19:10 GMT" time="13.178" errors="0">
  <testcase name="verifyLogo" time="2.621" classname="com.obsqura.TestCases.DashBoardTestCase"/>
  <testcase name="VerifyAttribute" time="4.430" classname="com.obsqura.TestCases.DashBoardTestCase"/>
  <testcase name="verifyDashBoardText" time="6.127" classname="com.obsqura.TestCases.DashBoardTestCase"/>
</testsuite> <!-- com.obsqura.TestCases.DashBoardTestCase -->
