<?xml version="1.0" encoding="UTF-8"?>
<!-- Generated by org.testng.reporters.JUnitReportReporter -->
<testsuite hostname="ShahiNaufal" name="TestCases.ManageExpenseTestCase11" tests="1" failures="0" timestamp="16 May 2022 05:33:05 GMT" time="11.995" errors="0">
  <testcase name="verifyExpenseCatogaryTitleText" time="11.995" classname="TestCases.ManageExpenseTestCase11"/>
</testsuite> <!-- TestCases.ManageExpenseTestCase11 -->
