<?xml version="1.0" encoding="UTF-8"?>
<!-- Generated by org.testng.reporters.JUnitReportReporter -->
<testsuite hostname="ShahiNaufal" name="com.obsqura.TestCases.HomePageTestCase11" tests="2" failures="0" timestamp="8 May 2022 12:12:41 GMT" time="9.625" errors="0">
  <testcase name="verifyHomePageTitle" time="7.056" classname="com.obsqura.TestCases.HomePageTestCase11"/>
  <testcase name="verifyLoggedUserName" time="2.569" classname="com.obsqura.TestCases.HomePageTestCase11"/>
</testsuite> <!-- com.obsqura.TestCases.HomePageTestCase11 -->
