<?xml version="1.0" encoding="UTF-8"?>
<!-- Generated by org.testng.reporters.JUnitReportReporter -->
<testsuite hostname="ShahiNaufal" name="TestCases.LoginTestCase11" tests="1" failures="0" timestamp="9 May 2022 19:34:43 GMT" time="6.491" errors="0">
  <testcase name="verifyCheckBox" time="6.491" classname="TestCases.LoginTestCase11"/>
</testsuite> <!-- TestCases.LoginTestCase11 -->
