<?xml version="1.0" encoding="UTF-8"?>
<!-- Generated by org.testng.reporters.JUnitReportReporter -->
<testsuite hostname="ShahiNaufal" name="TestCases.ManageProductTestCase11" tests="2" failures="0" timestamp="15 May 2022 07:09:21 GMT" time="13.376" errors="0">
  <testcase name="verifyDeliveryBoyUserName" time="7.807" classname="TestCases.ManageProductTestCase11"/>
  <testcase name="VerifyDeliveryBoyPassword" time="5.569" classname="TestCases.ManageProductTestCase11"/>
</testsuite> <!-- TestCases.ManageProductTestCase11 -->
