<?xml version="1.0" encoding="UTF-8"?>
<!-- Generated by org.testng.reporters.JUnitReportReporter -->
<testsuite hostname="ShahiNaufal" name="TestCases.HomePageTestCase11" tests="1" failures="0" timestamp="16 May 2022 03:56:20 GMT" time="9.174" errors="0">
  <testcase name="verifyList" time="9.174" classname="TestCases.HomePageTestCase11"/>
</testsuite> <!-- TestCases.HomePageTestCase11 -->
