<?xml version="1.0" encoding="UTF-8"?>
<!-- Generated by org.testng.reporters.JUnitReportReporter -->
<testsuite hostname="ShahiNaufal" name="com.obsqura.TestCases.DashBoardTestCase11" tests="3" failures="0" timestamp="8 May 2022 11:14:45 GMT" time="12.491" errors="0">
  <testcase name="verifyDashBoardText" time="7.237" classname="com.obsqura.TestCases.DashBoardTestCase11"/>
  <testcase name="VerifyDashBoardAttribute" time="2.665" classname="com.obsqura.TestCases.DashBoardTestCase11"/>
  <testcase name="verifyDashBoardLogo" time="2.589" classname="com.obsqura.TestCases.DashBoardTestCase11"/>
</testsuite> <!-- com.obsqura.TestCases.DashBoardTestCase11 -->
