<?xml version="1.0" encoding="UTF-8"?>
<!-- Generated by org.testng.reporters.JUnitReportReporter -->
<testsuite hostname="ShahiNaufal" name="com.obsqura.TestCases.ManageExpenseTestCase" tests="1" failures="0" timestamp="7 May 2022 01:56:27 GMT" time="14.200" errors="0">
  <testcase name="verifyManageExpenseMessageBox" time="14.200" classname="com.obsqura.TestCases.ManageExpenseTestCase"/>
</testsuite> <!-- com.obsqura.TestCases.ManageExpenseTestCase -->
